{"C:\\Users\\HP 612\\Desktop\\Module 2\\capstone2\\src\\modules\\API.js": {"path":"C:\\Users\\HP 612\\Desktop\\Module 2\\capstone2\\src\\modules\\API.js","statementMap":{"0":{"start":{"line":1,"column":22},"end":{"line":1,"column":44}},"1":{"start":{"line":2,"column":16},"end":{"line":2,"column":113}},"2":{"start":{"line":3,"column":19},"end":{"line":3,"column":118}},"3":{"start":{"line":5,"column":16},"end":{"line":9,"column":3}},"4":{"start":{"line":6,"column":21},"end":{"line":6,"column":64}},"5":{"start":{"line":7,"column":17},"end":{"line":7,"column":38}},"6":{"start":{"line":8,"column":4},"end":{"line":8,"column":16}},"7":{"start":{"line":11,"column":16},"end":{"line":22,"column":3}},"8":{"start":{"line":12,"column":21},"end":{"line":20,"column":6}},"9":{"start":{"line":21,"column":4},"end":{"line":21,"column":20}},"10":{"start":{"line":24,"column":19},"end":{"line":28,"column":3}},"11":{"start":{"line":25,"column":21},"end":{"line":25,"column":41}},"12":{"start":{"line":26,"column":18},"end":{"line":26,"column":39}},"13":{"start":{"line":27,"column":4},"end":{"line":27,"column":17}},"14":{"start":{"line":32,"column":20},"end":{"line":42,"column":3}},"15":{"start":{"line":33,"column":4},"end":{"line":41,"column":7}},"16":{"start":{"line":45,"column":21},"end":{"line":49,"column":3}},"17":{"start":{"line":46,"column":21},"end":{"line":46,"column":66}},"18":{"start":{"line":47,"column":17},"end":{"line":47,"column":38}},"19":{"start":{"line":48,"column":4},"end":{"line":48,"column":16}}},"fnMap":{"0":{"name":"(anonymous_0)","decl":{"start":{"line":5,"column":16},"end":{"line":5,"column":17}},"loc":{"start":{"line":5,"column":28},"end":{"line":9,"column":3}},"line":5},"1":{"name":"(anonymous_1)","decl":{"start":{"line":11,"column":16},"end":{"line":11,"column":17}},"loc":{"start":{"line":11,"column":33},"end":{"line":22,"column":3}},"line":11},"2":{"name":"(anonymous_2)","decl":{"start":{"line":24,"column":19},"end":{"line":24,"column":20}},"loc":{"start":{"line":24,"column":31},"end":{"line":28,"column":3}},"line":24},"3":{"name":"(anonymous_3)","decl":{"start":{"line":32,"column":20},"end":{"line":32,"column":21}},"loc":{"start":{"line":32,"column":56},"end":{"line":42,"column":3}},"line":32},"4":{"name":"(anonymous_4)","decl":{"start":{"line":45,"column":21},"end":{"line":45,"column":22}},"loc":{"start":{"line":45,"column":38},"end":{"line":49,"column":3}},"line":45}},"branchMap":{},"s":{"0":2,"1":2,"2":2,"3":2,"4":0,"5":0,"6":0,"7":2,"8":0,"9":0,"10":2,"11":1,"12":1,"13":1,"14":2,"15":0,"16":2,"17":1,"18":1,"19":1},"f":{"0":0,"1":0,"2":1,"3":0,"4":1},"b":{},"_coverageSchema":"1a1c01bbd47fc00a2c39e90264f33305004495a9","hash":"76a22be9bb2a8aac837600d6b250e3e40c0999ee"}
}
